2018/06/15 11:23:11.164 [I] The app.rest is set up correctly.
2018/06/15 11:23:11.164 [I] Listen and serve at 8080
2018/06/15 11:23:11.167 [I] http server Running on http://:8080
2018/06/15 11:23:13.467 [I] The app.rest is set up correctly.
2018/06/15 11:23:13.467 [I] Listen and serve at 8080
2018/06/15 11:23:13.470 [I] http server Running on http://:8080
2018/06/15 11:28:21.116 [I] The app.rest is set up correctly.
2018/06/15 11:28:21.116 [I] Listen and serve at 8080
2018/06/15 11:28:21.120 [I] http server Running on http://:8080
2018/06/15 11:28:23.483 [I] The app.rest is set up correctly.
2018/06/15 11:28:23.483 [I] Listen and serve at 8080
2018/06/15 11:28:23.486 [I] http server Running on http://:8080
2018/06/15 11:32:04.925 [I] [proc.go:195] The app.rest is set up correctly.
2018/06/15 11:32:04.925 [I] [proc.go:195] Listen and serve at 8080
2018/06/15 11:32:04.928 [I] [asm_amd64.s:2337] http server Running on http://:8080
2018/06/15 11:33:18.570 [I] [proc.go:195] The app.rest is set up correctly.
2018/06/15 11:33:18.570 [I] [proc.go:195] Listen and serve at 8080
2018/06/15 11:33:18.573 [I] [asm_amd64.s:2337] http server Running on http://:8080
2018/06/15 11:33:21.057 [I] [proc.go:195] The app.rest is set up correctly.
2018/06/15 11:33:21.057 [I] [proc.go:195] Listen and serve at 8080
2018/06/15 11:33:21.060 [I] [asm_amd64.s:2337] http server Running on http://:8080
2018/06/15 11:34:27.448 [I] [proc.go:195] The app.rest is set up correctly.
2018/06/15 11:34:27.448 [I] [proc.go:195] Listen and serve at 8080
2018/06/15 11:34:27.451 [I] [asm_amd64.s:2337] http server Running on http://:8080
2018/06/15 11:34:38.040 [I] [proc.go:195] The app.rest is set up correctly.
2018/06/15 11:34:38.040 [I] [proc.go:195] Listen and serve at 8080
2018/06/15 11:34:38.043 [I] [asm_amd64.s:2337] http server Running on http://:8080
2018/06/15 13:12:25.390 [I] [proc.go:195] The app.rest is set up correctly.
2018/06/15 13:12:25.390 [I] [proc.go:195] Listen and serve at 8080
2018/06/15 13:12:25.393 [I] [asm_amd64.s:2337] http server Running on http://:8080
2018/06/15 13:15:12.343 [I] [proc.go:195] The app.rest is set up correctly.
2018/06/15 13:15:12.343 [I] [proc.go:195] Listen and serve at 8080
2018/06/15 13:15:12.368 [I] [asm_amd64.s:2337] http server Running on http://:8080
2018/06/15 13:32:27.263 [I] [proc.go:195] The app.rest is set up correctly.
2018/06/15 13:32:27.263 [I] [proc.go:195] Listen and serve at 8080
2018/06/15 13:32:27.266 [I] [asm_amd64.s:2337] http server Running on http://:8080
2018/06/15 13:32:29.619 [I] [proc.go:195] The app.rest is set up correctly.
2018/06/15 13:32:29.619 [I] [proc.go:195] Listen and serve at 8080
2018/06/15 13:32:29.622 [I] [asm_amd64.s:2337] http server Running on http://:8080
2018/06/15 13:34:34.198 [I] [proc.go:195] The app.rest is set up correctly.
2018/06/15 13:34:34.198 [I] [proc.go:195] Listen and serve at 8080
2018/06/15 13:34:34.201 [I] [asm_amd64.s:2337] http server Running on http://:8080
2018/06/15 13:35:04.611 [I] [proc.go:195] The app.rest is set up correctly.
2018/06/15 13:35:04.611 [I] [proc.go:195] Listen and serve at 8080
2018/06/15 13:35:04.614 [I] [asm_amd64.s:2337] http server Running on http://:8080
2018/06/15 13:35:05.348 [I] [proc.go:195] The app.rest is set up correctly.
2018/06/15 13:35:05.348 [I] [proc.go:195] Listen and serve at 8080
2018/06/15 13:35:05.352 [I] [asm_amd64.s:2337] http server Running on http://:8080
2018/06/15 13:35:11.485 [I] [proc.go:195] The app.rest is set up correctly.
2018/06/15 13:35:11.485 [I] [proc.go:195] Listen and serve at 8080
2018/06/15 13:35:11.488 [I] [asm_amd64.s:2337] http server Running on http://:8080
2018/06/15 13:35:25.460 [I] [proc.go:195] The app.rest is set up correctly.
2018/06/15 13:35:25.460 [I] [proc.go:195] Listen and serve at 8080
2018/06/15 13:35:25.463 [I] [asm_amd64.s:2337] http server Running on http://:8080
2018/06/15 13:35:31.801 [I] [proc.go:195] The app.rest is set up correctly.
2018/06/15 13:35:31.801 [I] [proc.go:195] Listen and serve at 8080
2018/06/15 13:35:31.804 [I] [asm_amd64.s:2337] http server Running on http://:8080
2018/06/15 13:37:46.750 [I] [proc.go:195] The app.rest is set up correctly.
2018/06/15 13:37:46.750 [I] [proc.go:195] Listen and serve at 8080
2018/06/15 13:37:46.754 [I] [asm_amd64.s:2337] http server Running on http://:8080
2018/06/15 13:37:48.955 [I] [proc.go:195] The app.rest is set up correctly.
2018/06/15 13:37:48.955 [I] [proc.go:195] Listen and serve at 8080
2018/06/15 13:37:48.957 [I] [asm_amd64.s:2337] http server Running on http://:8080
2018/06/15 13:39:23.947 [I] [proc.go:195] The app.rest is set up correctly.
2018/06/15 13:39:23.947 [I] [proc.go:195] Listen and serve at 8080
2018/06/15 13:39:23.950 [I] [asm_amd64.s:2337] http server Running on http://:8080
2018/06/15 13:41:53.564 [I] [proc.go:195] The app.rest is set up correctly.
2018/06/15 13:41:53.564 [I] [proc.go:195] Listen and serve at 8080
2018/06/15 13:41:53.568 [I] [asm_amd64.s:2337] http server Running on http://:8080
2018/06/15 13:41:55.967 [I] [proc.go:195] The app.rest is set up correctly.
2018/06/15 13:41:55.967 [I] [proc.go:195] Listen and serve at 8080
2018/06/15 13:41:55.970 [I] [asm_amd64.s:2337] http server Running on http://:8080
2018/06/15 13:42:06.094 [I] [proc.go:195] The app.rest is set up correctly.
2018/06/15 13:42:06.094 [I] [proc.go:195] Listen and serve at 8080
2018/06/15 13:42:06.097 [I] [asm_amd64.s:2337] http server Running on http://:8080
2018/06/15 13:42:08.466 [I] [proc.go:195] The app.rest is set up correctly.
2018/06/15 13:42:08.466 [I] [proc.go:195] Listen and serve at 8080
2018/06/15 13:42:08.470 [I] [asm_amd64.s:2337] http server Running on http://:8080
2018/06/15 13:42:15.951 [I] [proc.go:195] The app.rest is set up correctly.
2018/06/15 13:42:15.951 [I] [proc.go:195] Listen and serve at 8080
2018/06/15 13:42:15.954 [I] [asm_amd64.s:2337] http server Running on http://:8080
2018/06/15 13:42:18.352 [I] [proc.go:195] The app.rest is set up correctly.
2018/06/15 13:42:18.352 [I] [proc.go:195] Listen and serve at 8080
2018/06/15 13:42:18.355 [I] [asm_amd64.s:2337] http server Running on http://:8080
2018/06/15 13:42:21.154 [I] [proc.go:195] The app.rest is set up correctly.
2018/06/15 13:42:21.154 [I] [proc.go:195] Listen and serve at 8080
2018/06/15 13:42:21.157 [I] [asm_amd64.s:2337] http server Running on http://:8080
2018/06/15 13:42:23.623 [I] [proc.go:195] The app.rest is set up correctly.
2018/06/15 13:42:23.623 [I] [proc.go:195] Listen and serve at 8080
2018/06/15 13:42:23.626 [I] [asm_amd64.s:2337] http server Running on http://:8080
2018/06/15 13:42:25.023 [I] [proc.go:195] The app.rest is set up correctly.
2018/06/15 13:42:25.023 [I] [proc.go:195] Listen and serve at 8080
2018/06/15 13:42:25.026 [I] [asm_amd64.s:2337] http server Running on http://:8080
2018/06/15 13:42:25.771 [I] [proc.go:195] The app.rest is set up correctly.
2018/06/15 13:42:25.771 [I] [proc.go:195] Listen and serve at 8080
2018/06/15 13:42:25.774 [I] [asm_amd64.s:2337] http server Running on http://:8080
2018/06/15 13:50:42.699 [I] [proc.go:195] The app.rest is set up correctly.
2018/06/15 13:50:42.699 [I] [proc.go:195] Listen and serve at 8080
2018/06/15 13:50:42.702 [I] [asm_amd64.s:2337] http server Running on http://:8080
2018/06/15 13:50:45.169 [I] [proc.go:195] The app.rest is set up correctly.
2018/06/15 13:50:45.169 [I] [proc.go:195] Listen and serve at 8080
2018/06/15 13:50:45.172 [I] [asm_amd64.s:2337] http server Running on http://:8080
2018/06/15 14:23:41.794 [I] [proc.go:195] The app.rest is set up correctly.
2018/06/15 14:23:41.794 [I] [proc.go:195] Listen and serve at 8080
2018/06/15 14:23:41.797 [I] [asm_amd64.s:2337] http server Running on http://:8080
2018/06/15 14:28:14.017 [I] [proc.go:195] The app.rest is set up correctly.
2018/06/15 14:28:14.017 [I] [proc.go:195] Listen and serve at 8080
2018/06/15 14:28:14.020 [I] [asm_amd64.s:2337] http server Running on http://:8080
2018/06/15 14:32:12.483 [I] [proc.go:198] The app.rest is set up correctly.
2018/06/15 14:32:12.483 [I] [proc.go:198] Listen and serve at 8080
2018/06/15 14:32:12.486 [I] [asm_amd64.s:2361] http server Running on http://:8080
2018/06/15 14:37:09.758 [I] [proc.go:198] The app.rest is set up correctly.
2018/06/15 14:37:09.758 [I] [proc.go:198] Listen and serve at 8080
2018/06/15 14:37:09.761 [I] [asm_amd64.s:2361] http server Running on http://:8080
2018/06/15 14:44:13.148 [I] [proc.go:198] The app.rest is set up correctly.
2018/06/15 14:44:13.148 [I] [proc.go:198] Listen and serve at 8080
2018/06/15 14:44:13.151 [I] [asm_amd64.s:2361] http server Running on http://:8080
2018/06/15 14:56:47.175 [I] [proc.go:198] The app.rest is set up correctly.
2018/06/15 14:56:47.175 [I] [proc.go:198] Listen and serve at 8080
2018/06/15 14:56:47.178 [I] [asm_amd64.s:2361] http server Running on http://:8080
2018/06/15 15:08:33.761 [I] [proc.go:198] The app.rest is set up correctly.
2018/06/15 15:08:33.761 [I] [proc.go:198] Listen and serve at 8080
2018/06/15 15:08:33.764 [I] [asm_amd64.s:2361] http server Running on http://:8080
2018/06/15 15:08:35.514 [I] [proc.go:198] The app.rest is set up correctly.
2018/06/15 15:08:35.514 [I] [proc.go:198] Listen and serve at 8080
2018/06/15 15:08:35.517 [I] [asm_amd64.s:2361] http server Running on http://:8080
2018/06/15 15:15:02.991 [I] [proc.go:198] The app.rest is set up correctly.
2018/06/15 15:15:02.991 [I] [proc.go:198] Listen and serve at 8080
2018/06/15 15:15:02.994 [I] [asm_amd64.s:2361] http server Running on http://:8080
2018/06/15 15:16:36.019 [I] [proc.go:198] The app.rest is set up correctly.
2018/06/15 15:16:36.019 [I] [proc.go:198] Listen and serve at 8080
2018/06/15 15:16:36.021 [I] [asm_amd64.s:2361] http server Running on http://:8080
2018/06/15 15:22:18.832 [I] [proc.go:198] The app.rest is set up correctly.
2018/06/15 15:22:18.832 [I] [proc.go:198] Listen and serve at 8080
2018/06/15 15:22:18.835 [I] [asm_amd64.s:2361] http server Running on http://:8080
2018/06/15 15:24:21.288 [I] [proc.go:198] The app.rest is set up correctly.
2018/06/15 15:24:21.288 [I] [proc.go:198] Listen and serve at 8080
2018/06/15 15:24:21.290 [I] [asm_amd64.s:2361] http server Running on http://:8080
2018/06/15 15:31:21.734 [I] [proc.go:198] The app.rest is set up correctly.
2018/06/15 15:31:21.734 [I] [proc.go:198] Listen and serve at 8080
2018/06/15 15:31:21.737 [I] [asm_amd64.s:2361] http server Running on http://:8080
2018/06/15 15:36:38.702 [I] [proc.go:198] The app.rest is set up correctly.
2018/06/15 15:36:38.702 [I] [proc.go:198] Listen and serve at 8080
2018/06/15 15:36:38.723 [I] [asm_amd64.s:2361] http server Running on http://:8080
2018/06/15 15:37:28.835 [I] [proc.go:198] The app.rest is set up correctly.
2018/06/15 15:37:28.835 [I] [proc.go:198] Listen and serve at 8080
2018/06/15 15:37:28.838 [I] [asm_amd64.s:2361] http server Running on http://:8080
2018/06/15 15:38:35.029 [I] [proc.go:198] The app.rest is set up correctly.
2018/06/15 15:38:35.029 [I] [proc.go:198] Listen and serve at 8080
2018/06/15 15:38:35.032 [I] [asm_amd64.s:2361] http server Running on http://:8080
2018/06/15 15:40:32.311 [I] [proc.go:198] The app.rest is set up correctly.
2018/06/15 15:40:32.311 [I] [proc.go:198] Listen and serve at 8080
2018/06/15 15:40:32.314 [I] [asm_amd64.s:2361] http server Running on http://:8080
2018/06/15 15:42:50.135 [I] [proc.go:198] The app.rest is set up correctly.
2018/06/15 15:42:50.135 [I] [proc.go:198] Listen and serve at 8080
2018/06/15 15:42:50.138 [I] [asm_amd64.s:2361] http server Running on http://:8080
