2018/06/15 11:34:47.751 [D] [server.go:2619] ::1 - - [15/Jun/2018 11:34:47] "GET /swagger HTTP/1.1 302 0" 0.000057  Mozilla/5.0 (X11; Linux x86_64) AppleWebKit/537.36 (KHTML, like Gecko) Chrome/67.0.3396.79 Safari/537.36

2018/06/15 11:34:47.757 [D] [server.go:2619] ::1 - - [15/Jun/2018 11:34:47] "GET /swagger/ HTTP/1.1 200 0" 0.000102  Mozilla/5.0 (X11; Linux x86_64) AppleWebKit/537.36 (KHTML, like Gecko) Chrome/67.0.3396.79 Safari/537.36

2018/06/15 11:34:47.791 [D] [server.go:2619] ::1 - - [15/Jun/2018 11:34:47] "GET /swagger/swagger-ui.css HTTP/1.1 200 0" 0.000156 http://localhost:8080/swagger/ Mozilla/5.0 (X11; Linux x86_64) AppleWebKit/537.36 (KHTML, like Gecko) Chrome/67.0.3396.79 Safari/537.36

2018/06/15 11:34:47.794 [D] [server.go:2619] ::1 - - [15/Jun/2018 11:34:47] "GET /swagger/swagger-ui-standalone-preset.js HTTP/1.1 200 0" 0.002952 http://localhost:8080/swagger/ Mozilla/5.0 (X11; Linux x86_64) AppleWebKit/537.36 (KHTML, like Gecko) Chrome/67.0.3396.79 Safari/537.36

2018/06/15 11:34:47.802 [D] [server.go:2619] ::1 - - [15/Jun/2018 11:34:47] "GET /swagger/swagger-ui-bundle.js HTTP/1.1 200 0" 0.010764 http://localhost:8080/swagger/ Mozilla/5.0 (X11; Linux x86_64) AppleWebKit/537.36 (KHTML, like Gecko) Chrome/67.0.3396.79 Safari/537.36

2018/06/15 11:34:48.124 [D] [server.go:2619] ::1 - - [15/Jun/2018 11:34:48] "GET /swagger/swagger.json HTTP/1.1 200 0" 0.000125 http://localhost:8080/swagger/ Mozilla/5.0 (X11; Linux x86_64) AppleWebKit/537.36 (KHTML, like Gecko) Chrome/67.0.3396.79 Safari/537.36

2018/06/15 11:34:48.427 [D] [server.go:2619] ::1 - - [15/Jun/2018 11:34:48] "GET /swagger/favicon-32x32.png HTTP/1.1 200 0" 0.000089 http://localhost:8080/swagger/ Mozilla/5.0 (X11; Linux x86_64) AppleWebKit/537.36 (KHTML, like Gecko) Chrome/67.0.3396.79 Safari/537.36

2018/06/15 11:34:48.445 [D] [server.go:2619] ::1 - - [15/Jun/2018 11:34:48] "GET /swagger/favicon-16x16.png HTTP/1.1 200 0" 0.000101 http://localhost:8080/swagger/ Mozilla/5.0 (X11; Linux x86_64) AppleWebKit/537.36 (KHTML, like Gecko) Chrome/67.0.3396.79 Safari/537.36

2018/06/15 13:36:47.219 [D] [server.go:2619] ::1 - - [15/Jun/2018 01:36:47] "GET /swagger HTTP/1.1 302 0" 0.000052  Mozilla/5.0 (X11; Linux x86_64) AppleWebKit/537.36 (KHTML, like Gecko) Chrome/67.0.3396.79 Safari/537.36

2018/06/15 13:36:47.225 [D] [server.go:2619] ::1 - - [15/Jun/2018 01:36:47] "GET /swagger/ HTTP/1.1 304 0" 0.000103  Mozilla/5.0 (X11; Linux x86_64) AppleWebKit/537.36 (KHTML, like Gecko) Chrome/67.0.3396.79 Safari/537.36

2018/06/15 13:36:47.250 [D] [server.go:2619] ::1 - - [15/Jun/2018 01:36:47] "GET /swagger/swagger-ui.css HTTP/1.1 304 0" 0.000079 http://localhost:8080/swagger/ Mozilla/5.0 (X11; Linux x86_64) AppleWebKit/537.36 (KHTML, like Gecko) Chrome/67.0.3396.79 Safari/537.36

2018/06/15 13:36:47.258 [D] [server.go:2619] ::1 - - [15/Jun/2018 01:36:47] "GET /swagger/swagger-ui-bundle.js HTTP/1.1 304 0" 0.007063 http://localhost:8080/swagger/ Mozilla/5.0 (X11; Linux x86_64) AppleWebKit/537.36 (KHTML, like Gecko) Chrome/67.0.3396.79 Safari/537.36

2018/06/15 13:36:47.259 [D] [server.go:2619] ::1 - - [15/Jun/2018 01:36:47] "GET /swagger/swagger-ui-standalone-preset.js HTTP/1.1 304 0" 0.003012 http://localhost:8080/swagger/ Mozilla/5.0 (X11; Linux x86_64) AppleWebKit/537.36 (KHTML, like Gecko) Chrome/67.0.3396.79 Safari/537.36

2018/06/15 13:36:47.512 [D] [server.go:2619] ::1 - - [15/Jun/2018 01:36:47] "GET /swagger/swagger.json HTTP/1.1 304 0" 0.000067 http://localhost:8080/swagger/ Mozilla/5.0 (X11; Linux x86_64) AppleWebKit/537.36 (KHTML, like Gecko) Chrome/67.0.3396.79 Safari/537.36

2018/06/15 13:37:51.770 [D] [server.go:2619] ::1 - - [15/Jun/2018 01:37:51] "GET /swagger/ HTTP/1.1 304 0" 0.000090  Mozilla/5.0 (X11; Linux x86_64) AppleWebKit/537.36 (KHTML, like Gecko) Chrome/67.0.3396.79 Safari/537.36

2018/06/15 13:37:52.059 [D] [server.go:2619] ::1 - - [15/Jun/2018 01:37:52] "GET /swagger/favicon-32x32.png HTTP/1.1 200 0" 0.000112 http://localhost:8080/swagger/ Mozilla/5.0 (X11; Linux x86_64) AppleWebKit/537.36 (KHTML, like Gecko) Chrome/67.0.3396.79 Safari/537.36

2018/06/15 13:37:52.064 [D] [server.go:2619] ::1 - - [15/Jun/2018 01:37:52] "GET /swagger/favicon-16x16.png HTTP/1.1 304 0" 0.000063 http://localhost:8080/swagger/ Mozilla/5.0 (X11; Linux x86_64) AppleWebKit/537.36 (KHTML, like Gecko) Chrome/67.0.3396.79 Safari/537.36

2018/06/15 13:38:06.248 [D] [server.go:2619] ::1 - - [15/Jun/2018 01:38:06] "GET /favicon.ico HTTP/1.1 404 0" 0.000353 http://localhost:8080/swagger/swagger.json Mozilla/5.0 (X11; Linux x86_64) AppleWebKit/537.36 (KHTML, like Gecko) Chrome/67.0.3396.79 Safari/537.36

2018/06/15 13:38:07.203 [D] [server.go:2619] ::1 - - [15/Jun/2018 01:38:07] "GET /swagger/swagger.json HTTP/1.1 304 0" 0.000082  Mozilla/5.0 (X11; Linux x86_64) AppleWebKit/537.36 (KHTML, like Gecko) Chrome/67.0.3396.79 Safari/537.36

2018/06/15 13:38:10.833 [D] [server.go:2619] ::1 - - [15/Jun/2018 01:38:10] "GET /swagger HTTP/1.1 302 0" 0.000038  Mozilla/5.0 (X11; Linux x86_64) AppleWebKit/537.36 (KHTML, like Gecko) Chrome/67.0.3396.79 Safari/537.36

2018/06/15 13:38:19.481 [D] [server.go:2619] ::1 - - [15/Jun/2018 01:38:19] "GET /swagger/swagger.json HTTP/1.1 304 0" 0.000028  Mozilla/5.0 (X11; Linux x86_64) AppleWebKit/537.36 (KHTML, like Gecko) Chrome/67.0.3396.79 Safari/537.36

2018/06/15 13:38:19.904 [D] [server.go:2619] ::1 - - [15/Jun/2018 01:38:19] "GET /swagger/swagger.json HTTP/1.1 304 0" 0.000060  Mozilla/5.0 (X11; Linux x86_64) AppleWebKit/537.36 (KHTML, like Gecko) Chrome/67.0.3396.79 Safari/537.36

2018/06/15 13:38:20.232 [D] [server.go:2619] ::1 - - [15/Jun/2018 01:38:20] "GET /swagger/swagger.json HTTP/1.1 304 0" 0.000027  Mozilla/5.0 (X11; Linux x86_64) AppleWebKit/537.36 (KHTML, like Gecko) Chrome/67.0.3396.79 Safari/537.36

2018/06/15 13:38:20.489 [D] [server.go:2619] ::1 - - [15/Jun/2018 01:38:20] "GET /swagger/swagger.json HTTP/1.1 304 0" 0.000047  Mozilla/5.0 (X11; Linux x86_64) AppleWebKit/537.36 (KHTML, like Gecko) Chrome/67.0.3396.79 Safari/537.36

2018/06/15 13:38:20.690 [D] [server.go:2619] ::1 - - [15/Jun/2018 01:38:20] "GET /swagger/swagger.json HTTP/1.1 304 0" 0.000026  Mozilla/5.0 (X11; Linux x86_64) AppleWebKit/537.36 (KHTML, like Gecko) Chrome/67.0.3396.79 Safari/537.36

2018/06/15 13:38:20.866 [D] [server.go:2619] ::1 - - [15/Jun/2018 01:38:20] "GET /swagger/swagger.json HTTP/1.1 304 0" 0.000039  Mozilla/5.0 (X11; Linux x86_64) AppleWebKit/537.36 (KHTML, like Gecko) Chrome/67.0.3396.79 Safari/537.36

2018/06/15 13:38:21.049 [D] [server.go:2619] ::1 - - [15/Jun/2018 01:38:21] "GET /swagger/swagger.json HTTP/1.1 304 0" 0.000056  Mozilla/5.0 (X11; Linux x86_64) AppleWebKit/537.36 (KHTML, like Gecko) Chrome/67.0.3396.79 Safari/537.36

2018/06/15 13:38:21.240 [D] [server.go:2619] ::1 - - [15/Jun/2018 01:38:21] "GET /swagger/swagger.json HTTP/1.1 304 0" 0.000032  Mozilla/5.0 (X11; Linux x86_64) AppleWebKit/537.36 (KHTML, like Gecko) Chrome/67.0.3396.79 Safari/537.36

2018/06/15 13:39:27.525 [D] [server.go:2619] ::1 - - [15/Jun/2018 01:39:27] "GET /swagger/swagger.json HTTP/1.1 200 0" 0.000198  Mozilla/5.0 (X11; Linux x86_64) AppleWebKit/537.36 (KHTML, like Gecko) Chrome/67.0.3396.79 Safari/537.36

2018/06/15 13:39:30.358 [D] [server.go:2619] ::1 - - [15/Jun/2018 01:39:30] "GET /swagger/ HTTP/1.1 304 0" 0.000085  Mozilla/5.0 (X11; Linux x86_64) AppleWebKit/537.36 (KHTML, like Gecko) Chrome/67.0.3396.79 Safari/537.36

2018/06/15 13:39:30.419 [D] [server.go:2619] ::1 - - [15/Jun/2018 01:39:30] "GET /swagger/swagger.json HTTP/1.1 304 0" 0.000038 http://localhost:8080/swagger/ Mozilla/5.0 (X11; Linux x86_64) AppleWebKit/537.36 (KHTML, like Gecko) Chrome/67.0.3396.79 Safari/537.36

2018/06/15 13:39:30.493 [D] [server.go:2619] ::1 - - [15/Jun/2018 01:39:30] "GET /swagger/favicon-32x32.png HTTP/1.1 200 0" 0.000080 http://localhost:8080/swagger/ Mozilla/5.0 (X11; Linux x86_64) AppleWebKit/537.36 (KHTML, like Gecko) Chrome/67.0.3396.79 Safari/537.36

2018/06/15 13:42:34.122 [D] [server.go:2619] ::1 - - [15/Jun/2018 01:42:34] "GET /swagger/ HTTP/1.1 304 0" 0.000157  Mozilla/5.0 (X11; Linux x86_64) AppleWebKit/537.36 (KHTML, like Gecko) Chrome/67.0.3396.79 Safari/537.36

2018/06/15 13:42:34.210 [D] [server.go:2619] ::1 - - [15/Jun/2018 01:42:34] "GET /swagger/swagger.json HTTP/1.1 200 0" 0.000146 http://localhost:8080/swagger/ Mozilla/5.0 (X11; Linux x86_64) AppleWebKit/537.36 (KHTML, like Gecko) Chrome/67.0.3396.79 Safari/537.36

2018/06/15 13:42:34.351 [D] [server.go:2619] ::1 - - [15/Jun/2018 01:42:34] "GET /swagger/favicon-32x32.png HTTP/1.1 200 0" 0.000061 http://localhost:8080/swagger/ Mozilla/5.0 (X11; Linux x86_64) AppleWebKit/537.36 (KHTML, like Gecko) Chrome/67.0.3396.79 Safari/537.36

2018/06/15 13:42:41.704 [D] [server.go:2619] ::1 - - [15/Jun/2018 01:42:41] "GET /swagger/ HTTP/1.1 304 0" 0.000083  Mozilla/5.0 (X11; Linux x86_64) AppleWebKit/537.36 (KHTML, like Gecko) Chrome/67.0.3396.79 Safari/537.36

2018/06/15 13:42:41.774 [D] [server.go:2619] ::1 - - [15/Jun/2018 01:42:41] "GET /swagger/swagger.json HTTP/1.1 304 0" 0.000024 http://localhost:8080/swagger/ Mozilla/5.0 (X11; Linux x86_64) AppleWebKit/537.36 (KHTML, like Gecko) Chrome/67.0.3396.79 Safari/537.36

2018/06/15 13:42:41.883 [D] [server.go:2619] ::1 - - [15/Jun/2018 01:42:41] "GET /swagger/favicon-32x32.png HTTP/1.1 200 0" 0.000061 http://localhost:8080/swagger/ Mozilla/5.0 (X11; Linux x86_64) AppleWebKit/537.36 (KHTML, like Gecko) Chrome/67.0.3396.79 Safari/537.36

2018/06/15 15:20:58.451 [D] [server.go:2694] ::1 - - [15/Jun/2018 03:20:58] "GET /home/innova4j-31/go/go1.10.3/src/runtime/asm_amd64.s:573 HTTP/1.1 404 0" 0.000166  PostmanRuntime/7.1.1

2018/06/15 16:10:31.657 [D] [server.go:2694] ::1 - - [15/Jun/2018 04:10:31] "GET /v1/profile HTTP/1.1 200 0" 0.001186  PostmanRuntime/7.1.1

2018/06/15 16:12:14.069 [D] [server.go:2694] ::1 - - [15/Jun/2018 04:12:14] "GET /swagger HTTP/1.1 302 0" 0.000035  Mozilla/5.0 (X11; Linux x86_64) AppleWebKit/537.36 (KHTML, like Gecko) Chrome/67.0.3396.79 Safari/537.36

2018/06/15 16:12:14.129 [D] [server.go:2694] ::1 - - [15/Jun/2018 04:12:14] "GET /swagger/ HTTP/1.1 304 0" 0.000125  Mozilla/5.0 (X11; Linux x86_64) AppleWebKit/537.36 (KHTML, like Gecko) Chrome/67.0.3396.79 Safari/537.36

2018/06/15 16:12:14.153 [D] [server.go:2694] ::1 - - [15/Jun/2018 04:12:14] "GET /swagger/swagger-ui-bundle.js HTTP/1.1 200 0" 0.002870 http://localhost:8080/swagger/ Mozilla/5.0 (X11; Linux x86_64) AppleWebKit/537.36 (KHTML, like Gecko) Chrome/67.0.3396.79 Safari/537.36

2018/06/15 16:12:14.248 [D] [server.go:2694] ::1 - - [15/Jun/2018 04:12:14] "GET /swagger/swagger-ui.css HTTP/1.1 304 0" 0.000134 http://localhost:8080/swagger/ Mozilla/5.0 (X11; Linux x86_64) AppleWebKit/537.36 (KHTML, like Gecko) Chrome/67.0.3396.79 Safari/537.36

2018/06/15 16:12:14.264 [D] [server.go:2694] ::1 - - [15/Jun/2018 04:12:14] "GET /swagger/swagger-ui-standalone-preset.js HTTP/1.1 304 0" 0.000244 http://localhost:8080/swagger/ Mozilla/5.0 (X11; Linux x86_64) AppleWebKit/537.36 (KHTML, like Gecko) Chrome/67.0.3396.79 Safari/537.36

2018/06/15 16:12:14.460 [D] [server.go:2694] ::1 - - [15/Jun/2018 04:12:14] "GET /swagger/swagger.json HTTP/1.1 200 0" 0.000125 http://localhost:8080/swagger/ Mozilla/5.0 (X11; Linux x86_64) AppleWebKit/537.36 (KHTML, like Gecko) Chrome/67.0.3396.79 Safari/537.36

2018/06/15 16:46:10.975 [D] [server.go:2694] ::1 - - [15/Jun/2018 04:46:10] "GET /v1/profile HTTP/1.1 200 0" 0.000419  PostmanRuntime/7.1.1

2018/06/15 16:52:36.513 [D] [server.go:2694] ::1 - - [15/Jun/2018 04:52:36] "POST /v1/profile HTTP/1.1 200 0" 0.236329  PostmanRuntime/7.1.1

2018/06/15 16:52:43.576 [D] [server.go:2694] ::1 - - [15/Jun/2018 04:52:43] "GET /v1/profile HTTP/1.1 200 0" 0.016764  PostmanRuntime/7.1.1

2018/06/15 16:54:52.351 [D] [server.go:2694] ::1 - - [15/Jun/2018 04:54:52] "GET /v1/profile/5b2435242c786d6509139b5f HTTP/1.1 200 0" 0.001059  PostmanRuntime/7.1.1

2018/06/15 16:58:53.738 [D] [server.go:2694] ::1 - - [15/Jun/2018 04:58:53] "PATCH /v1/profile/5b2435242c786d6509139b5f HTTP/1.1 200 0" 0.019628  PostmanRuntime/7.1.1

2018/06/15 16:59:02.143 [D] [server.go:2694] ::1 - - [15/Jun/2018 04:59:02] "GET /v1/profile/5b2435242c786d6509139b5f HTTP/1.1 200 0" 0.000491  PostmanRuntime/7.1.1

2018/06/15 17:01:50.494 [D] [server.go:2694] ::1 - - [15/Jun/2018 05:01:50] "DELETE /v1/profile/5b2435242c786d6509139b5f HTTP/1.1 200 0" 0.001014  PostmanRuntime/7.1.1

2018/06/17 17:13:39.736 [D] [server.go:2694] ::1 - - [17/Jun/2018 05:13:39] "GET /profiles HTTP/1.1 404 0" 0.000618  PostmanRuntime/7.1.1

2018/06/17 17:14:04.848 [D] [server.go:2694] ::1 - - [17/Jun/2018 05:14:04] "GET /profile HTTP/1.1 404 0" 0.000405  PostmanRuntime/7.1.1

2018/06/17 17:14:33.378 [D] [server.go:2694] ::1 - - [17/Jun/2018 05:14:33] "GET /profile HTTP/1.1 404 0" 0.000369  PostmanRuntime/7.1.1

2018/06/17 17:19:13.378 [D] [server.go:2694] ::1 - - [17/Jun/2018 05:19:13] "GET /v1/profile HTTP/1.1 200 0" 0.003872  PostmanRuntime/7.1.1

2018/06/17 17:23:56.297 [D] [server.go:2694] ::1 - - [17/Jun/2018 05:23:55] "POST /v1/profile HTTP/1.1 200 0" 0.326550  PostmanRuntime/7.1.1

2018/06/17 17:24:10.978 [D] [server.go:2694] ::1 - - [17/Jun/2018 05:24:10] "GET /v1/profile HTTP/1.1 200 0" 0.021322  PostmanRuntime/7.1.1

2018/06/17 17:31:06.236 [D] [server.go:2694] ::1 - - [17/Jun/2018 05:31:06] "GET /v1/profile/1/experience HTTP/1.1 200 0" 0.002569  PostmanRuntime/7.1.1

2018/06/17 17:33:49.155 [D] [server.go:2694] ::1 - - [17/Jun/2018 05:33:49] "GET /v1/profile/5b26df7b63d59e32ccca066a/experience HTTP/1.1 200 0" 0.001334  PostmanRuntime/7.1.1

2018/06/17 18:03:05.962 [D] [server.go:2694] ::1 - - [17/Jun/2018 06:03:05] "GET /v1/profile HTTP/1.1 200 0" 0.004233  PostmanRuntime/7.1.1

2018/06/17 18:03:12.741 [D] [server.go:2694] ::1 - - [17/Jun/2018 06:03:12] "POST /v1/profile/5b26df7b63d59e32ccca066a/experience HTTP/1.1 200 0" 0.014892  PostmanRuntime/7.1.1

2018/06/17 18:03:21.261 [D] [server.go:2694] ::1 - - [17/Jun/2018 06:03:21] "GET /v1/profile HTTP/1.1 200 0" 0.001377  PostmanRuntime/7.1.1

2018/06/17 18:15:38.310 [D] [server.go:2694] ::1 - - [17/Jun/2018 06:15:38] "GET /v1/profile HTTP/1.1 200 0" 0.003126  PostmanRuntime/7.1.1

2018/06/17 18:20:04.508 [D] [server.go:2694] ::1 - - [17/Jun/2018 06:20:04] "GET /v1/profile HTTP/1.1 200 0" 0.000904  PostmanRuntime/7.1.1

2018/06/17 18:20:42.326 [D] [server.go:2694] ::1 - - [17/Jun/2018 06:20:42] "DELETE /v1/profile/5b26df7b63d59e32ccca066a HTTP/1.1 200 0" 0.001091  PostmanRuntime/7.1.1

2018/06/17 18:20:45.569 [D] [server.go:2694] ::1 - - [17/Jun/2018 06:20:45] "GET /v1/profile HTTP/1.1 200 0" 0.000877  PostmanRuntime/7.1.1

2018/06/17 18:20:49.315 [D] [server.go:2694] ::1 - - [17/Jun/2018 06:20:49] "POST /v1/profile HTTP/1.1 200 0" 0.001097  PostmanRuntime/7.1.1

2018/06/17 18:23:42.559 [D] [server.go:2694] ::1 - - [17/Jun/2018 06:23:42] "GET /v1/profile HTTP/1.1 200 0" 0.001018  PostmanRuntime/7.1.1

2018/06/17 18:23:57.840 [D] [server.go:2694] ::1 - - [17/Jun/2018 06:23:57] "DELETE /v1/profile/5b26ecd163d59e4f2e9c129f HTTP/1.1 200 0" 0.001000  PostmanRuntime/7.1.1

2018/06/17 18:24:01.960 [D] [server.go:2694] ::1 - - [17/Jun/2018 06:24:01] "GET /v1/profile HTTP/1.1 200 0" 0.000754  PostmanRuntime/7.1.1

2018/06/17 18:24:10.197 [D] [server.go:2694] ::1 - - [17/Jun/2018 06:24:10] "POST /v1/profile HTTP/1.1 200 0" 0.001627  PostmanRuntime/7.1.1

2018/06/17 18:25:51.465 [D] [server.go:2694] ::1 - - [17/Jun/2018 06:25:51] "GET /v1/profile HTTP/1.1 200 0" 0.003079  PostmanRuntime/7.1.1

2018/06/17 18:25:59.966 [D] [server.go:2694] ::1 - - [17/Jun/2018 06:25:59] "DELETE /v1/profile/5b26ed9a63d59e4f2e9c12a1 HTTP/1.1 200 0" 0.001156  PostmanRuntime/7.1.1

2018/06/17 18:26:03.718 [D] [server.go:2694] ::1 - - [17/Jun/2018 06:26:03] "POST /v1/profile HTTP/1.1 200 0" 0.001367  PostmanRuntime/7.1.1

2018/06/17 18:47:18.311 [D] [server.go:2694] ::1 - - [17/Jun/2018 06:47:18] "GET /v1/profile HTTP/1.1 200 0" 0.005007  PostmanRuntime/7.1.1

2018/06/17 18:47:26.629 [D] [server.go:2694] ::1 - - [17/Jun/2018 06:47:26] "DELETE /v1/profile/5b26ee0b63d59e5130e43ae3 HTTP/1.1 200 0" 0.001106  PostmanRuntime/7.1.1

2018/06/17 18:47:36.423 [D] [server.go:2694] ::1 - - [17/Jun/2018 06:47:36] "POST /v1/profile HTTP/1.1 200 0" 0.001289  PostmanRuntime/7.1.1

2018/06/17 18:48:01.665 [D] [server.go:2694] ::1 - - [17/Jun/2018 06:48:01] "DELETE /v1/profile/5b26f31863d59e5668597a34 HTTP/1.1 200 0" 0.000810  PostmanRuntime/7.1.1

2018/06/17 18:52:33.284 [D] [server.go:2694] ::1 - - [17/Jun/2018 06:52:33] "GET /v1/profile HTTP/1.1 200 0" 0.001291  PostmanRuntime/7.1.1

2018/06/17 18:54:45.771 [D] [server.go:2694] ::1 - - [17/Jun/2018 06:54:45] "POST /v1/profile HTTP/1.1 200 0" 0.004924  PostmanRuntime/7.1.1

2018/06/17 18:55:13.356 [D] [server.go:2694] ::1 - - [17/Jun/2018 06:55:13] "GET /v1/profile/5b26f4c563d59e5a2d34b7e5 HTTP/1.1 200 0" 0.001897  PostmanRuntime/7.1.1

2018/06/17 18:56:03.573 [D] [server.go:2694] ::1 - - [17/Jun/2018 06:56:03] "GET /v1/profile HTTP/1.1 200 0" 0.001394  PostmanRuntime/7.1.1

2018/06/17 18:56:23.129 [D] [server.go:2694] ::1 - - [17/Jun/2018 06:56:23] "GET /v1/profile/5b26f4c563d59e5a2d34b7e5/experience HTTP/1.1 200 0" 0.000954  PostmanRuntime/7.1.1

2018/06/17 19:18:24.716 [D] [server.go:2694] ::1 - - [17/Jun/2018 07:18:24] "GET /v1/profile/5b26f4c563d59e5a2d34b7e5/experience HTTP/1.1 200 0" 0.005730  PostmanRuntime/7.1.1

2018/06/17 19:19:19.693 [D] [server.go:2694] ::1 - - [17/Jun/2018 07:19:19] "GET /v1/profile/5b26f4c563d59e5a2d34b7e5/experience HTTP/1.1 200 0" 0.001080  PostmanRuntime/7.1.1

2018/06/17 19:21:31.957 [D] [server.go:2694] ::1 - - [17/Jun/2018 07:21:31] "GET /v1/profile/5b26f4c563d59e5a2d34b7e5/experience/5b26f4c563d59e5a2d34b7e6 HTTP/1.1 200 0" 0.006686  PostmanRuntime/7.1.1

2018/06/17 19:21:44.613 [D] [server.go:2694] ::1 - - [17/Jun/2018 07:21:44] "GET /v1/profile/5b26f4c563d59e5a2d34b7e5/experience HTTP/1.1 200 0" 0.001244  PostmanRuntime/7.1.1

2018/06/17 19:21:49.960 [D] [server.go:2694] ::1 - - [17/Jun/2018 07:21:49] "GET /v1/profile/5b26f4c563d59e5a2d34b7e5/experience/5b26f4c563d59e5a2d34b7e6 HTTP/1.1 200 0" 0.001033  PostmanRuntime/7.1.1

2018/06/17 19:29:17.678 [D] [server.go:2694] ::1 - - [17/Jun/2018 07:29:17] "GET /v1/profile/5b26f4c563d59e5a2d34b7e5/experience/5b26f4c563d59e5a2d34b7e6 HTTP/1.1 200 0" 0.007352  PostmanRuntime/7.1.1

2018/06/17 19:31:14.023 [D] [server.go:2694] ::1 - - [17/Jun/2018 07:31:14] "POST /v1/profile/5b26f4c563d59e5a2d34b7e5/experience HTTP/1.1 200 0" 0.002438  PostmanRuntime/7.1.1

2018/06/17 19:31:18.742 [D] [server.go:2694] ::1 - - [17/Jun/2018 07:31:18] "GET /v1/profile/5b26f4c563d59e5a2d34b7e5/experience HTTP/1.1 200 0" 0.001177  PostmanRuntime/7.1.1

2018/06/17 19:31:22.088 [D] [server.go:2694] ::1 - - [17/Jun/2018 07:31:22] "GET /v1/profile/5b26f4c563d59e5a2d34b7e5/experience/5b26f4c563d59e5a2d34b7e6 HTTP/1.1 200 0" 0.002202  PostmanRuntime/7.1.1

2018/06/17 19:39:11.110 [D] [server.go:2694] ::1 - - [17/Jun/2018 07:39:11] "GET /v1/profile/5b26f4c563d59e5a2d34b7e5/experience/5b26f4c563d59e5a2d34b7e6 HTTP/1.1 200 0" 0.006280  PostmanRuntime/7.1.1

2018/06/17 19:50:18.517 [D] [server.go:2694] ::1 - - [17/Jun/2018 07:50:18] "GET /v1/profile/5b26f4c563d59e5a2d34b7e5/experience/5b26f4c563d59e5a2d34b7e6 HTTP/1.1 200 0" 0.005785  PostmanRuntime/7.1.1

2018/06/17 19:51:28.573 [D] [server.go:2694] ::1 - - [17/Jun/2018 07:51:28] "GET /v1/profile/5b26f4c563d59e5a2d34b7e5/experience/5b26f4c563d59e5a2d34b7e6 HTTP/1.1 200 0" 0.005032  PostmanRuntime/7.1.1

2018/06/17 19:52:06.983 [D] [server.go:2694] ::1 - - [17/Jun/2018 07:52:06] "GET /v1/profile/5b26f4c563d59e5a2d34b7e5/experience/5b26f4c563d59e5a2d34b7e6 HTTP/1.1 200 0" 0.016505  PostmanRuntime/7.1.1

2018/06/17 19:52:22.037 [D] [server.go:2694] ::1 - - [17/Jun/2018 07:52:22] "GET /v1/profile/5b26f4c563d59e5a2d34b7e5/experience/5b26f4c563d59e5a2d34b7e6 HTTP/1.1 200 0" 0.000913  PostmanRuntime/7.1.1

2018/06/17 19:52:44.119 [D] [server.go:2694] ::1 - - [17/Jun/2018 07:52:44] "GET /v1/profile/5b26f4c563d59e5a2d34b7e5/experience/5b26f4c563d59e5a2d34b7e6 HTTP/1.1 200 0" 0.005618  PostmanRuntime/7.1.1

2018/06/17 19:54:30.667 [D] [server.go:2694] ::1 - - [17/Jun/2018 07:54:30] "GET /v1/profile/5b26f4c563d59e5a2d34b7e5/experience/5b26f4c563d59e5a2d34b7e6 HTTP/1.1 200 0" 0.005255  PostmanRuntime/7.1.1

2018/06/17 20:05:30.401 [D] [server.go:2694] ::1 - - [17/Jun/2018 08:05:30] "GET /v1/profile/5b26f4c563d59e5a2d34b7e5/experience/5b26f4c563d59e5a2d34b7e6 HTTP/1.1 200 0" 0.005732  PostmanRuntime/7.1.1

2018/06/17 20:05:35.470 [D] [server.go:2694] ::1 - - [17/Jun/2018 08:05:35] "GET /v1/profile/5b26f4c563d59e5a2d34b7e5/experience HTTP/1.1 200 0" 0.001411  PostmanRuntime/7.1.1

2018/06/17 20:05:43.425 [D] [server.go:2694] ::1 - - [17/Jun/2018 08:05:43] "GET /v1/profile/5b26f4c563d59e5a2d34b7e5/experience HTTP/1.1 200 0" 0.001166  PostmanRuntime/7.1.1

2018/06/17 20:37:18.305 [D] [server.go:2694] ::1 - - [17/Jun/2018 08:37:18] "GET /v1/profile/5b26f4c563d59e5a2d34b7e5/experience HTTP/1.1 200 0" 0.004131  PostmanRuntime/7.1.1

2018/06/17 20:37:20.722 [D] [server.go:2694] ::1 - - [17/Jun/2018 08:37:20] "GET /v1/profile/5b26f4c563d59e5a2d34b7e5/experience/5b26f4c563d59e5a2d34b7e6 HTTP/1.1 200 0" 0.001115  PostmanRuntime/7.1.1

2018/06/17 20:38:10.769 [D] [server.go:2694] ::1 - - [17/Jun/2018 08:38:10] "DELETE /v1/profile/5b26f4c563d59e5a2d34b7e5/experience/5b26f4c563d59e5a2d34b7e6 HTTP/1.1 200 0" 0.000988  PostmanRuntime/7.1.1

2018/06/17 20:38:14.379 [D] [server.go:2694] ::1 - - [17/Jun/2018 08:38:14] "GET /v1/profile/5b26f4c563d59e5a2d34b7e5/experience HTTP/1.1 200 0" 0.001074  PostmanRuntime/7.1.1

2018/06/17 20:39:17.265 [D] [server.go:2694] ::1 - - [17/Jun/2018 08:39:17] "GET /v1/profile/5b26f4c563d59e5a2d34b7e5/education HTTP/1.1 200 0" 0.000918  PostmanRuntime/7.1.1

2018/06/17 20:40:08.786 [D] [server.go:2694] ::1 - - [17/Jun/2018 08:40:08] "POST /v1/profile/5b26f4c563d59e5a2d34b7e5/education HTTP/1.1 200 0" 0.001611  PostmanRuntime/7.1.1

2018/06/17 20:40:14.480 [D] [server.go:2694] ::1 - - [17/Jun/2018 08:40:14] "GET /v1/profile/5b26f4c563d59e5a2d34b7e5/education HTTP/1.1 200 0" 0.001047  PostmanRuntime/7.1.1

2018/06/17 20:40:41.508 [D] [server.go:2694] ::1 - - [17/Jun/2018 08:40:41] "GET /v1/profile/5b26f4c563d59e5a2d34b7e5/education/5b270d7863d59e48f1f0ba3d HTTP/1.1 200 0" 0.001057  PostmanRuntime/7.1.1

2018/06/17 20:40:46.394 [D] [server.go:2694] ::1 - - [17/Jun/2018 08:40:46] "GET /v1/profile/5b26f4c563d59e5a2d34b7e5/education HTTP/1.1 200 0" 0.001089  PostmanRuntime/7.1.1

2018/06/17 20:41:16.468 [D] [server.go:2694] ::1 - - [17/Jun/2018 08:41:16] "GET /v1/profile/5b26f4c563d59e5a2d34b7e5 HTTP/1.1 200 0" 0.001315  PostmanRuntime/7.1.1

2018/06/17 20:41:37.719 [D] [server.go:2694] ::1 - - [17/Jun/2018 08:41:37] "GET /v1/profile/5b26f4c563d59e5a2d34b7e5 HTTP/1.1 200 0" 0.005950  PostmanRuntime/7.1.1

2018/06/17 20:41:49.945 [D] [server.go:2694] ::1 - - [17/Jun/2018 08:41:49] "GET /v1/profile/5b26f4c563d59e5a2d34b7e5 HTTP/1.1 200 0" 0.001070  PostmanRuntime/7.1.1

2018/06/17 20:41:54.254 [D] [server.go:2694] ::1 - - [17/Jun/2018 08:41:54] "GET /v1/profile/5b26f4c563d59e5a2d34b7e5/education HTTP/1.1 200 0" 0.004628  PostmanRuntime/7.1.1

2018/06/17 20:42:04.420 [D] [server.go:2694] ::1 - - [17/Jun/2018 08:42:04] "POST /v1/profile/5b26f4c563d59e5a2d34b7e5/education HTTP/1.1 200 0" 0.001372  PostmanRuntime/7.1.1

2018/06/17 20:42:07.209 [D] [server.go:2694] ::1 - - [17/Jun/2018 08:42:07] "GET /v1/profile/5b26f4c563d59e5a2d34b7e5/education HTTP/1.1 200 0" 0.001094  PostmanRuntime/7.1.1

2018/06/17 20:42:26.296 [D] [server.go:2694] ::1 - - [17/Jun/2018 08:42:26] "DELETE /v1/profile/5b26f4c563d59e5a2d34b7e5/experience/5b270dec63d59e4c1ad547b7 HTTP/1.1 200 0" 0.001081  PostmanRuntime/7.1.1

2018/06/17 20:42:33.348 [D] [server.go:2694] ::1 - - [17/Jun/2018 08:42:33] "GET /v1/profile/5b26f4c563d59e5a2d34b7e5/education HTTP/1.1 200 0" 0.001021  PostmanRuntime/7.1.1

2018/06/17 20:42:46.439 [D] [server.go:2694] ::1 - - [17/Jun/2018 08:42:46] "DELETE /v1/profile/5b26f4c563d59e5a2d34b7e5/education/5b270dec63d59e4c1ad547b7 HTTP/1.1 200 0" 0.000901  PostmanRuntime/7.1.1

2018/06/17 20:42:49.337 [D] [server.go:2694] ::1 - - [17/Jun/2018 08:42:49] "GET /v1/profile/5b26f4c563d59e5a2d34b7e5/education HTTP/1.1 200 0" 0.001242  PostmanRuntime/7.1.1

2018/06/17 20:56:26.348 [D] [server.go:2694] ::1 - - [17/Jun/2018 08:56:26] "GET /v1/profile/5b26f4c563d59e5a2d34b7e5 HTTP/1.1 200 0" 0.005618  PostmanRuntime/7.1.1

2018/06/17 20:56:54.872 [D] [server.go:2694] ::1 - - [17/Jun/2018 08:56:54] "GET /v1/profile/5b26f4c563d59e5a2d34b7e5 HTTP/1.1 200 0" 0.001140  PostmanRuntime/7.1.1

2018/06/17 20:57:15.481 [D] [server.go:2694] ::1 - - [17/Jun/2018 08:57:15] "PATCH /v1/profile/5b26f4c563d59e5a2d34b7e5 HTTP/1.1 200 0" 0.001865  PostmanRuntime/7.1.1

2018/06/17 20:57:43.716 [D] [server.go:2694] ::1 - - [17/Jun/2018 08:57:43] "PATCH /v1/profile/5b26f4c563d59e5a2d34b7e5 HTTP/1.1 200 0" 0.001653  PostmanRuntime/7.1.1

2018/06/17 20:58:34.612 [D] [server.go:2694] ::1 - - [17/Jun/2018 08:58:34] "GET /v1/profile/5b26f4c563d59e5a2d34b7e5/experience HTTP/1.1 200 0" 0.001170  PostmanRuntime/7.1.1

2018/06/17 20:58:43.586 [D] [server.go:2694] ::1 - - [17/Jun/2018 08:58:43] "PATCH /v1/profile/5b26f4c563d59e5a2d34b7e5/experience/5b26fd5263d59e69e4cf62a8 HTTP/1.1 200 0" 0.000453  PostmanRuntime/7.1.1

2018/06/17 20:58:51.525 [D] [server.go:2694] ::1 - - [17/Jun/2018 08:58:51] "GET /v1/profile/5b26f4c563d59e5a2d34b7e5/experience/5b26fd5263d59e69e4cf62a8 HTTP/1.1 200 0" 0.001180  PostmanRuntime/7.1.1

2018/06/17 20:59:45.435 [D] [server.go:2694] ::1 - - [17/Jun/2018 08:59:45] "GET /v1/profile/5b26f4c563d59e5a2d34b7e5/experience/5b26fd5263d59e69e4cf62a8 HTTP/1.1 200 0" 0.001084  PostmanRuntime/7.1.1

2018/06/17 21:00:57.463 [D] [server.go:2694] ::1 - - [17/Jun/2018 09:00:57] "GET /v1/profile/5b26f4c563d59e5a2d34b7e5/experience/5b26fd5263d59e69e4cf62a8 HTTP/1.1 200 0" 0.005157  PostmanRuntime/7.1.1

2018/06/17 21:01:04.213 [D] [server.go:2694] ::1 - - [17/Jun/2018 09:01:04] "PATCH /v1/profile/5b26f4c563d59e5a2d34b7e5/experience/5b26fd5263d59e69e4cf62a8 HTTP/1.1 200 0" 0.000224  PostmanRuntime/7.1.1

2018/06/17 21:04:44.234 [D] [server.go:2694] ::1 - - [17/Jun/2018 09:04:44] "PATCH /v1/profile/5b26f4c563d59e5a2d34b7e5/experience/5b26fd5263d59e69e4cf62a8 HTTP/1.1 200 0" 0.004625  PostmanRuntime/7.1.1

2018/06/17 21:05:08.013 [D] [server.go:2694] ::1 - - [17/Jun/2018 09:05:08] "GET /v1/profile/5b26f4c563d59e5a2d34b7e5/experience HTTP/1.1 200 0" 0.001042  PostmanRuntime/7.1.1

2018/06/17 21:08:25.740 [D] [server.go:2694] ::1 - - [17/Jun/2018 09:08:25] "GET /v1/profile/5b26f4c563d59e5a2d34b7e5/experience HTTP/1.1 200 0" 0.004594  PostmanRuntime/7.1.1

2018/06/17 21:12:01.262 [D] [server.go:2694] ::1 - - [17/Jun/2018 09:12:00] "POST /v1/profile HTTP/1.1 200 0" 0.296848  PostmanRuntime/7.1.1

2018/06/17 21:12:06.137 [D] [server.go:2694] ::1 - - [17/Jun/2018 09:12:06] "GET /v1/profile HTTP/1.1 200 0" 0.001328  PostmanRuntime/7.1.1

2018/06/17 21:34:42.056 [D] [server.go:2694] ::1 - - [17/Jun/2018 09:34:42] "GET /v1/profile HTTP/1.1 200 0" 0.001398  PostmanRuntime/7.1.1

2018/06/17 21:34:48.216 [D] [server.go:2694] ::1 - - [17/Jun/2018 09:34:48] "GET /v1/profile/5b2714f063d59e6aac581b26/experience HTTP/1.1 200 0" 0.000915  PostmanRuntime/7.1.1

2018/06/17 21:35:16.054 [D] [server.go:2694] ::1 - - [17/Jun/2018 09:35:16] "GET /v1/profile/5b2714f063d59e6aac581b26/experience HTTP/1.1 200 0" 0.001148  PostmanRuntime/7.1.1

2018/06/17 21:37:38.745 [D] [server.go:2694] ::1 - - [17/Jun/2018 09:37:38] "PATCH /v1/profile/5b2714f063d59e6aac581b26/experience/5b2714f063d59e6aac581b27 HTTP/1.1 200 0" 0.003480  PostmanRuntime/7.1.1

2018/06/17 21:37:42.894 [D] [server.go:2694] ::1 - - [17/Jun/2018 09:37:42] "GET /v1/profile/5b2714f063d59e6aac581b26/experience HTTP/1.1 200 0" 0.001534  PostmanRuntime/7.1.1

2018/06/17 21:38:39.565 [D] [server.go:2694] ::1 - - [17/Jun/2018 09:38:39] "GET /v1/profile/5b2714f063d59e6aac581b26/education HTTP/1.1 200 0" 0.000906  PostmanRuntime/7.1.1

2018/06/17 21:38:48.613 [D] [server.go:2694] ::1 - - [17/Jun/2018 09:38:48] "POST /v1/profile/5b2714f063d59e6aac581b26/education HTTP/1.1 200 0" 0.001963  PostmanRuntime/7.1.1

2018/06/17 21:39:10.046 [D] [server.go:2694] ::1 - - [17/Jun/2018 09:39:10] "GET /v1/profile/5b2714f063d59e6aac581b26/education HTTP/1.1 200 0" 0.000962  PostmanRuntime/7.1.1

2018/06/17 21:40:09.351 [D] [server.go:2694] ::1 - - [17/Jun/2018 09:40:09] "PATCH /v1/profile/5b2714f063d59e6aac581b26/education/5b271b3863d59e77d9ce416e HTTP/1.1 200 0" 0.001406  PostmanRuntime/7.1.1

2018/06/17 21:40:12.387 [D] [server.go:2694] ::1 - - [17/Jun/2018 09:40:12] "GET /v1/profile/5b2714f063d59e6aac581b26/education HTTP/1.1 200 0" 0.000912  PostmanRuntime/7.1.1

